Loaded model Fullbody_LS_Scaled from file C:\Users\s2921887\Documents\Load Sharing Main Data Collection\ElaboratedData\Subject 6\2015-08-17\scaling\P6_S1_Scaled.osim
Loaded marker file C:\Users\s2921887\Documents\Load Sharing Main Data Collection\ElaboratedData\Subject 6\2015-08-17\dynamicElaborations\slow_Processed\slow_Processed3\slow_Processed3.trc (87 markers, 100 frames)
               MODEL: Fullbody_LS_Scaled
         coordinates: 44
              forces: 94
           actuators: 94
             muscles: 94
            analyses: 0
              probes: 0
              bodies: 22
              joints: 21
         constraints: 0
             markers: 93
         controllers: 0
  contact geometries: 0
misc modelcomponents: 0
Running tool subject01.
Loaded marker file C:\Users\s2921887\Documents\Load Sharing Main Data Collection\ElaboratedData\Subject 6\2015-08-17\dynamicElaborations\slow_Processed\slow_Processed3\slow_Processed3.trc (87 markers, 100 frames)
Frame 0 (t=0.01):	total squared error = 0.0326153, marker error: RMS=0.0248069, max=0.0752499 (RPUA3)
Frame 1 (t=0.02):	total squared error = 0.0319618, marker error: RMS=0.0245571, max=0.0751393 (RPUA3)
Frame 2 (t=0.03):	total squared error = 0.0320584, marker error: RMS=0.0245942, max=0.0746435 (RPUA3)
Frame 3 (t=0.04):	total squared error = 0.0321163, marker error: RMS=0.0246164, max=0.0745102 (RPUA3)
Frame 4 (t=0.05):	total squared error = 0.0321881, marker error: RMS=0.0246439, max=0.0746944 (RPUA3)
Frame 5 (t=0.06):	total squared error = 0.0320744, marker error: RMS=0.0246003, max=0.0741466 (RPUA3)
Frame 6 (t=0.07):	total squared error = 0.0331911, marker error: RMS=0.0250249, max=0.074054 (RPUA3)
Frame 7 (t=0.08):	total squared error = 0.0336396, marker error: RMS=0.0251934, max=0.0735024 (RPUA3)
Frame 8 (t=0.09):	total squared error = 0.0332773, marker error: RMS=0.0250574, max=0.072834 (RPUA3)
Frame 9 (t=0.1):	total squared error = 0.0322832, marker error: RMS=0.0246803, max=0.0718629 (RPUA3)
Frame 10 (t=0.11):	total squared error = 0.0317435, marker error: RMS=0.0244731, max=0.0706856 (RPUA3)
Frame 11 (t=0.12):	total squared error = 0.0324479, marker error: RMS=0.0247432, max=0.0703926 (RPUA3)
Frame 12 (t=0.13):	total squared error = 0.0317006, marker error: RMS=0.0244566, max=0.0700813 (RPUA3)
Frame 13 (t=0.14):	total squared error = 0.0323575, marker error: RMS=0.0247087, max=0.069824 (RPUA3)
Frame 14 (t=0.15):	total squared error = 0.0317429, marker error: RMS=0.0244729, max=0.0685551 (RPUA3)
Frame 15 (t=0.16):	total squared error = 0.0309467, marker error: RMS=0.024164, max=0.0681666 (RPUA3)
Frame 16 (t=0.17):	total squared error = 0.0316893, marker error: RMS=0.0244522, max=0.0689363 (RPUA3)
Frame 17 (t=0.18):	total squared error = 0.0315415, marker error: RMS=0.0243952, max=0.0691865 (RPUA3)
Frame 18 (t=0.19):	total squared error = 0.0320193, marker error: RMS=0.0245792, max=0.0683285 (RPUA3)
Frame 19 (t=0.2):	total squared error = 0.0313163, marker error: RMS=0.0243079, max=0.0683305 (RPUA3)
Frame 20 (t=0.21):	total squared error = 0.0315847, marker error: RMS=0.0244118, max=0.067443 (RPUA3)
Frame 21 (t=0.22):	total squared error = 0.0310582, marker error: RMS=0.0242075, max=0.0671994 (RPUA3)
Frame 22 (t=0.23):	total squared error = 0.0303367, marker error: RMS=0.0239247, max=0.0671726 (RPUA3)
Frame 23 (t=0.24):	total squared error = 0.0306805, marker error: RMS=0.0240599, max=0.0667055 (RPUA3)
Frame 24 (t=0.25):	total squared error = 0.0313904, marker error: RMS=0.0243366, max=0.0666604 (RPUA3)
Frame 25 (t=0.26):	total squared error = 0.0295976, marker error: RMS=0.0236314, max=0.0654158 (RPUA3)
Frame 26 (t=0.27):	total squared error = 0.0290021, marker error: RMS=0.0233925, max=0.0645045 (RPUA3)
Frame 27 (t=0.28):	total squared error = 0.0281455, marker error: RMS=0.0230445, max=0.0629305 (RPUA3)
Frame 28 (t=0.29):	total squared error = 0.0275609, marker error: RMS=0.0228039, max=0.0610555 (RPUA3)
Frame 29 (t=0.3):	total squared error = 0.0270977, marker error: RMS=0.0226114, max=0.0600325 (RPUA3)
Frame 30 (t=0.31):	total squared error = 0.0266199, marker error: RMS=0.0224112, max=0.0593485 (RPUA3)
Frame 31 (t=0.32):	total squared error = 0.0261461, marker error: RMS=0.0222109, max=0.0581862 (RPUA3)
Frame 32 (t=0.33):	total squared error = 0.0263709, marker error: RMS=0.0223062, max=0.0570296 (RPUA3)
Frame 33 (t=0.34):	total squared error = 0.0256048, marker error: RMS=0.0219798, max=0.0556378 (RPUA3)
Frame 34 (t=0.35):	total squared error = 0.0255713, marker error: RMS=0.0219654, max=0.0544954 (RPUA3)
Frame 35 (t=0.36):	total squared error = 0.0251929, marker error: RMS=0.0218023, max=0.053225 (RPUA3)
Frame 36 (t=0.37):	total squared error = 0.0248315, marker error: RMS=0.0216453, max=0.0522603 (RPUA3)
Frame 37 (t=0.38):	total squared error = 0.0243868, marker error: RMS=0.0214506, max=0.0506173 (RPUA3)
Frame 38 (t=0.39):	total squared error = 0.023997, marker error: RMS=0.0212785, max=0.0499963 (RPUA3)
Frame 39 (t=0.4):	total squared error = 0.0239544, marker error: RMS=0.0212596, max=0.0494828 (RPUA3)
Frame 40 (t=0.41):	total squared error = 0.0240558, marker error: RMS=0.0213045, max=0.0496638 (RPUA3)
Frame 41 (t=0.42):	total squared error = 0.0239853, marker error: RMS=0.0212733, max=0.0483864 (RPUA3)
Frame 42 (t=0.43):	total squared error = 0.0239115, marker error: RMS=0.0212405, max=0.0482128 (RPUA3)
Frame 43 (t=0.44):	total squared error = 0.0239886, marker error: RMS=0.0212748, max=0.0483327 (RPUA3)
Frame 44 (t=0.45):	total squared error = 0.0239378, marker error: RMS=0.0212522, max=0.0482706 (RPUA3)
Frame 45 (t=0.46):	total squared error = 0.0247764, marker error: RMS=0.0216213, max=0.048941 (RPUA3)
Frame 46 (t=0.47):	total squared error = 0.0254071, marker error: RMS=0.0218947, max=0.0497221 (RPUA3)
Frame 47 (t=0.48):	total squared error = 0.0250996, marker error: RMS=0.0217618, max=0.0502903 (RPUA3)
Frame 48 (t=0.49):	total squared error = 0.0249072, marker error: RMS=0.0216783, max=0.0511319 (RPUA3)
Frame 49 (t=0.5):	total squared error = 0.0248482, marker error: RMS=0.0216526, max=0.0510782 (RPUA3)
Frame 50 (t=0.51):	total squared error = 0.0250101, marker error: RMS=0.021723, max=0.0524528 (RPUA3)
Frame 51 (t=0.52):	total squared error = 0.024965, marker error: RMS=0.0217034, max=0.0530322 (RPUA3)
Frame 52 (t=0.53):	total squared error = 0.0252504, marker error: RMS=0.0218271, max=0.0542083 (RPUA3)
Frame 53 (t=0.54):	total squared error = 0.0254336, marker error: RMS=0.0219062, max=0.0559416 (RPUA3)
Frame 54 (t=0.55):	total squared error = 0.0262109, marker error: RMS=0.0222384, max=0.0569817 (RPUA3)
Frame 55 (t=0.56):	total squared error = 0.0263523, marker error: RMS=0.0222983, max=0.0579701 (RPUA3)
Frame 56 (t=0.57):	total squared error = 0.0266254, marker error: RMS=0.0224135, max=0.0584351 (RPUA3)
Frame 57 (t=0.58):	total squared error = 0.0274263, marker error: RMS=0.0227481, max=0.0593557 (RPUA3)
Frame 58 (t=0.59):	total squared error = 0.027332, marker error: RMS=0.022709, max=0.0597081 (RPUA3)
Frame 59 (t=0.6):	total squared error = 0.0267887, marker error: RMS=0.0224821, max=0.0592202 (RPUA3)
Frame 60 (t=0.61):	total squared error = 0.0269351, marker error: RMS=0.0225435, max=0.0592163 (RPUA3)
Frame 61 (t=0.62):	total squared error = 0.0264837, marker error: RMS=0.0223538, max=0.0600094 (RPUA3)
Frame 62 (t=0.63):	total squared error = 0.0264267, marker error: RMS=0.0223297, max=0.0597549 (RPUA3)
Frame 63 (t=0.64):	total squared error = 0.0260439, marker error: RMS=0.0221674, max=0.0600646 (RPUA3)
Frame 64 (t=0.65):	total squared error = 0.0260999, marker error: RMS=0.0221912, max=0.0603759 (RPUA3)
Frame 65 (t=0.66):	total squared error = 0.0260332, marker error: RMS=0.0221628, max=0.0605589 (RPUA3)
Frame 66 (t=0.67):	total squared error = 0.0263509, marker error: RMS=0.0222977, max=0.0608794 (RPUA3)
Frame 67 (t=0.68):	total squared error = 0.0263872, marker error: RMS=0.0223131, max=0.0617672 (RPUA3)
Frame 68 (t=0.69):	total squared error = 0.0266623, marker error: RMS=0.0224291, max=0.061898 (RPUA3)
Frame 69 (t=0.7):	total squared error = 0.0265961, marker error: RMS=0.0224012, max=0.0614244 (RPUA3)
Frame 70 (t=0.71):	total squared error = 0.0272251, marker error: RMS=0.0226645, max=0.0619402 (RPUA3)
Frame 71 (t=0.72):	total squared error = 0.0274357, marker error: RMS=0.022752, max=0.0621529 (RPUA3)
Frame 72 (t=0.73):	total squared error = 0.0279189, marker error: RMS=0.0229515, max=0.0624758 (RPUA3)
Frame 73 (t=0.74):	total squared error = 0.0284856, marker error: RMS=0.0231833, max=0.0626208 (RPUA3)
Frame 74 (t=0.75):	total squared error = 0.0287789, marker error: RMS=0.0233023, max=0.0625807 (RPUA3)
Frame 75 (t=0.76):	total squared error = 0.0278818, marker error: RMS=0.0229362, max=0.0634647 (RPUA3)
Frame 76 (t=0.77):	total squared error = 0.0277016, marker error: RMS=0.022862, max=0.0636937 (RPUA3)
Frame 77 (t=0.78):	total squared error = 0.0280533, marker error: RMS=0.0230067, max=0.0638976 (RPUA3)
Frame 78 (t=0.79):	total squared error = 0.0283045, marker error: RMS=0.0231094, max=0.0643602 (RPUA3)
Frame 79 (t=0.8):	total squared error = 0.0279332, marker error: RMS=0.0229574, max=0.0646611 (RPUA3)
Frame 80 (t=0.81):	total squared error = 0.0277379, marker error: RMS=0.022877, max=0.0652775 (RPUA3)
Frame 81 (t=0.82):	total squared error = 0.028056, marker error: RMS=0.0230078, max=0.0657659 (RPUA3)
Frame 82 (t=0.83):	total squared error = 0.0284487, marker error: RMS=0.0231683, max=0.0671264 (RPUA3)
Frame 83 (t=0.84):	total squared error = 0.0280545, marker error: RMS=0.0230072, max=0.0670662 (RPUA3)
Frame 84 (t=0.85):	total squared error = 0.0276916, marker error: RMS=0.0228579, max=0.0682293 (RPUA3)
Frame 85 (t=0.86):	total squared error = 0.0288158, marker error: RMS=0.0233173, max=0.0682317 (RPUA3)
Frame 86 (t=0.87):	total squared error = 0.0283029, marker error: RMS=0.0231088, max=0.0688426 (RPUA3)
